   1.0000000e+00   1.0000000e+00   0.0000000e+00   0.0000000e+00
   2.0000000e+00   1.0000000e+00   0.0000000e+00  -1.0804254e-01
   3.0000000e+00   1.0000000e+00   0.0000000e+00  -8.2639869e-02
   4.0000000e+00   1.0000000e+00   0.0000000e+00  -3.0303213e-01
   5.0000000e+00   1.0000000e+00   0.0000000e+00  -9.5345658e-01
   6.0000000e+00   1.0000000e+00   0.0000000e+00   1.3295840e+00
   7.0000000e+00   1.0000000e+00   0.0000000e+00   1.3839288e+00
   8.0000000e+00   1.0000000e+00   0.0000000e+00   1.6845595e+00
   9.0000000e+00   1.0000000e+00   0.0000000e+00   2.2123831e+00
   1.0000000e+01   1.0000000e+00   0.0000000e+00   2.4587257e+00
   1.1000000e+01   1.0000000e+00   0.0000000e+00   3.0346704e+00
   1.2000000e+01   1.0000000e+00   0.0000000e+00  -1.2419689e+00
   1.3000000e+01   1.0000000e+00   0.0000000e+00  -1.1061580e+00
   1.4000000e+01   1.0000000e+00   0.0000000e+00  -1.1911406e+00
   1.5000000e+01   1.0000000e+00   0.0000000e+00  -9.2933522e-01
   1.6000000e+01   1.0000000e+00   0.0000000e+00  -7.3303470e-01
   1.7000000e+01   1.0000000e+00   0.0000000e+00  -7.0657209e-01
   1.8000000e+01   1.0000000e+00   0.0000000e+00  -3.9745943e-01
   1.9000000e+01   1.0000000e+00   0.0000000e+00  -2.4371509e-01
   2.0000000e+01   1.0000000e+00   0.0000000e+00  -8.5969519e-02
   2.1000000e+01   1.0000000e+00   0.0000000e+00  -4.9478836e-02
   2.2000000e+01   1.0000000e+00   0.0000000e+00  -1.5551313e-01
   2.3000000e+01   1.0000000e+00   0.0000000e+00  -3.2473365e-01
   2.4000000e+01   1.0000000e+00   0.0000000e+00  -4.9395418e-01
   2.5000000e+01   1.0000000e+00   0.0000000e+00  -6.6317470e-01
   2.6000000e+01   1.0000000e+00   0.0000000e+00  -8.3239523e-01
   2.7000000e+01   1.0000000e+00   0.0000000e+00  -1.0016158e+00
   2.8000000e+01   1.0000000e+00   0.0000000e+00  -1.1708363e+00
   2.9000000e+01   1.0000000e+00   0.0000000e+00  -1.3400568e+00
   3.0000000e+01   1.0000000e+00   0.0000000e+00  -1.5092773e+00
   3.1000000e+01   1.0000000e+00   0.0000000e+00  -1.6784979e+00
   3.2000000e+01   1.0000000e+00   0.0000000e+00  -1.8477184e+00
   3.3000000e+01   1.0000000e+00   0.0000000e+00  -2.0169389e+00
   3.4000000e+01   1.0000000e+00   0.0000000e+00  -2.1861594e+00
   3.5000000e+01   1.0000000e+00   0.0000000e+00  -2.3553800e+00
   3.6000000e+01   1.0000000e+00   0.0000000e+00  -2.5246005e+00
   3.7000000e+01   1.0000000e+00   0.0000000e+00  -2.6938210e+00
   3.8000000e+01   1.0000000e+00   0.0000000e+00  -2.8630415e+00
   3.9000000e+01   1.0000000e+00   0.0000000e+00  -3.0322621e+00
   4.0000000e+01   1.0000000e+00   0.0000000e+00  -3.2014826e+00
   4.1000000e+01   1.0000000e+00   0.0000000e+00  -3.3707031e+00
   4.2000000e+01   1.0000000e+00   0.0000000e+00  -3.5399236e+00
   4.3000000e+01   1.0000000e+00   0.0000000e+00  -3.7091442e+00
   4.4000000e+01   1.0000000e+00   0.0000000e+00  -3.8783647e+00
   4.5000000e+01   1.0000000e+00   0.0000000e+00  -4.0475852e+00
   4.6000000e+01   1.0000000e+00   0.0000000e+00  -4.2168057e+00
   4.7000000e+01   1.0000000e+00   0.0000000e+00  -4.3860263e+00
   4.8000000e+01   1.0000000e+00   0.0000000e+00  -4.5552468e+00
   4.9000000e+01   1.0000000e+00   0.0000000e+00  -4.7244673e+00
   5.0000000e+01   1.0000000e+00   0.0000000e+00  -4.8936878e+00
   5.1000000e+01   1.0000000e+00   0.0000000e+00  -5.0629084e+00
   5.2000000e+01   1.0000000e+00   0.0000000e+00  -5.2321289e+00
   5.3000000e+01   1.0000000e+00   0.0000000e+00  -5.4013494e+00
   5.4000000e+01   1.0000000e+00   0.0000000e+00  -5.5705699e+00
   5.5000000e+01   1.0000000e+00   0.0000000e+00  -5.7397905e+00
   5.6000000e+01   1.0000000e+00   0.0000000e+00  -5.9090110e+00
   5.7000000e+01   1.0000000e+00   0.0000000e+00  -6.0782315e+00
   5.8000000e+01   1.0000000e+00   0.0000000e+00  -6.2474520e+00
   5.9000000e+01   1.0000000e+00   0.0000000e+00  -6.4166726e+00
   6.0000000e+01   1.0000000e+00   0.0000000e+00  -6.5858931e+00
   6.1000000e+01   1.0000000e+00   0.0000000e+00  -6.7551136e+00
   6.2000000e+01   1.0000000e+00   0.0000000e+00  -6.9243341e+00
   6.3000000e+01   1.0000000e+00   0.0000000e+00  -7.0935547e+00
   6.4000000e+01   1.0000000e+00   0.0000000e+00  -7.2627752e+00
   6.5000000e+01   1.0000000e+00   0.0000000e+00  -7.4319957e+00
   6.6000000e+01   1.0000000e+00   0.0000000e+00  -7.6012162e+00
   6.7000000e+01   1.0000000e+00   0.0000000e+00  -7.7704368e+00
   6.8000000e+01   1.0000000e+00   0.0000000e+00  -7.9396573e+00
   6.9000000e+01   1.0000000e+00   0.0000000e+00  -8.1088778e+00
   7.0000000e+01   1.0000000e+00   0.0000000e+00  -8.2780983e+00
   7.1000000e+01   1.0000000e+00   0.0000000e+00  -8.4473189e+00
   7.2000000e+01   1.0000000e+00   0.0000000e+00  -8.6165394e+00
   7.3000000e+01   1.0000000e+00   0.0000000e+00  -8.7857599e+00
   7.4000000e+01   1.0000000e+00   0.0000000e+00  -8.9549804e+00
   7.5000000e+01   1.0000000e+00   0.0000000e+00  -9.1242010e+00
   7.6000000e+01   1.0000000e+00   0.0000000e+00  -9.2934215e+00
   7.7000000e+01   1.0000000e+00   0.0000000e+00  -9.4626420e+00
   7.8000000e+01   1.0000000e+00   0.0000000e+00  -9.6318625e+00
   7.9000000e+01   1.0000000e+00   0.0000000e+00  -9.8010831e+00
   8.0000000e+01   1.0000000e+00   0.0000000e+00  -9.9703036e+00
   8.1000000e+01   1.0000000e+00   0.0000000e+00  -1.0139524e+01
   8.2000000e+01   1.0000000e+00   0.0000000e+00  -1.0308745e+01
   8.3000000e+01   1.0000000e+00   0.0000000e+00  -1.0477965e+01
   8.4000000e+01   1.0000000e+00   0.0000000e+00  -1.0647186e+01
   8.5000000e+01   1.0000000e+00   0.0000000e+00  -1.0816406e+01
   8.6000000e+01   1.0000000e+00   0.0000000e+00  -1.0985627e+01
   8.7000000e+01   1.0000000e+00   0.0000000e+00  -1.1154847e+01
   8.8000000e+01   1.0000000e+00   0.0000000e+00  -1.1324068e+01
   8.9000000e+01   1.0000000e+00   0.0000000e+00  -1.1493288e+01
   9.0000000e+01   1.0000000e+00   0.0000000e+00  -1.1662509e+01
   9.1000000e+01   1.0000000e+00   0.0000000e+00  -1.1831729e+01
   9.2000000e+01   1.0000000e+00   0.0000000e+00  -1.2000950e+01
   9.3000000e+01   1.0000000e+00   0.0000000e+00  -1.2170170e+01
   9.4000000e+01   1.0000000e+00   0.0000000e+00  -1.2339391e+01
   9.5000000e+01   1.0000000e+00   0.0000000e+00  -1.2508611e+01
   9.6000000e+01   1.0000000e+00   0.0000000e+00  -1.2677832e+01
   9.7000000e+01   1.0000000e+00   0.0000000e+00  -1.2847053e+01
   9.8000000e+01   1.0000000e+00   0.0000000e+00  -1.3016273e+01
   9.9000000e+01   1.0000000e+00   0.0000000e+00  -1.3185494e+01
   1.0000000e+02   1.0000000e+00   0.0000000e+00  -1.3354714e+01
   1.0100000e+02   1.0000000e+00   0.0000000e+00  -1.3523935e+01
   1.0200000e+02   1.0000000e+00   0.0000000e+00  -1.3693155e+01
   1.0300000e+02   1.0000000e+00   0.0000000e+00  -1.3862376e+01
   1.0400000e+02   1.0000000e+00   0.0000000e+00  -1.4031596e+01
   1.0500000e+02   1.0000000e+00   0.0000000e+00  -1.4200817e+01
   1.0600000e+02   1.0000000e+00   0.0000000e+00  -1.4370037e+01
   1.0700000e+02   1.0000000e+00   0.0000000e+00  -1.4539258e+01
   1.0800000e+02   1.0000000e+00   0.0000000e+00  -1.4708478e+01
   1.0900000e+02   1.0000000e+00   0.0000000e+00  -1.4877699e+01
   1.1000000e+02   1.0000000e+00   0.0000000e+00  -1.5046919e+01
   1.1100000e+02   1.0000000e+00   0.0000000e+00  -1.5216140e+01
   1.1200000e+02   1.0000000e+00   0.0000000e+00  -1.5385360e+01
   1.1300000e+02   1.0000000e+00   0.0000000e+00  -1.5554581e+01
   1.1400000e+02   1.0000000e+00   0.0000000e+00  -1.5723801e+01
   1.1500000e+02   1.0000000e+00   0.0000000e+00  -1.5893022e+01
   1.1600000e+02   1.0000000e+00   0.0000000e+00  -1.6062242e+01
   1.1700000e+02   1.0000000e+00   0.0000000e+00  -1.6231463e+01
   1.1800000e+02   1.0000000e+00   0.0000000e+00  -1.6400684e+01
   1.1900000e+02   1.0000000e+00   0.0000000e+00  -1.6569904e+01
   1.2000000e+02   1.0000000e+00   0.0000000e+00  -1.6739125e+01
   1.2100000e+02   1.0000000e+00   0.0000000e+00  -1.6908345e+01
   1.2200000e+02   1.0000000e+00   0.0000000e+00  -1.7077566e+01
   1.2300000e+02   1.0000000e+00   0.0000000e+00  -1.7246786e+01
   1.2400000e+02   1.0000000e+00   0.0000000e+00  -1.7416007e+01
   1.2500000e+02   1.0000000e+00   0.0000000e+00  -1.7585227e+01
   1.2600000e+02   1.0000000e+00   0.0000000e+00  -1.7754448e+01
   1.2700000e+02   1.0000000e+00   0.0000000e+00  -1.7923668e+01
   1.2800000e+02   1.0000000e+00   0.0000000e+00  -1.8092889e+01
   1.2900000e+02   1.0000000e+00   0.0000000e+00  -1.8262109e+01
   1.3000000e+02   1.0000000e+00   0.0000000e+00  -1.8431330e+01
   1.3100000e+02   1.0000000e+00   0.0000000e+00  -1.8600550e+01
   1.3200000e+02   1.0000000e+00   0.0000000e+00  -1.8769771e+01
   1.3300000e+02   1.0000000e+00   0.0000000e+00  -1.8938991e+01
   1.3400000e+02   1.0000000e+00   0.0000000e+00  -1.9108212e+01
   1.3500000e+02   1.0000000e+00   0.0000000e+00  -1.9277432e+01
   1.3600000e+02   1.0000000e+00   0.0000000e+00  -1.9446653e+01
   1.3700000e+02   1.0000000e+00   0.0000000e+00  -1.9615874e+01
   1.3800000e+02   1.0000000e+00   0.0000000e+00  -1.9785094e+01
   1.3900000e+02   1.0000000e+00   0.0000000e+00  -1.9954315e+01
   1.4000000e+02   1.0000000e+00   0.0000000e+00  -2.0123535e+01
   1.4100000e+02   1.0000000e+00   0.0000000e+00  -2.0292756e+01
   1.4200000e+02   1.0000000e+00   0.0000000e+00  -2.0461976e+01
   1.4300000e+02   1.0000000e+00   0.0000000e+00  -2.0631197e+01
   1.4400000e+02   1.0000000e+00   0.0000000e+00  -2.0800417e+01
   1.4500000e+02   1.0000000e+00   0.0000000e+00  -2.0969638e+01
   1.4600000e+02   1.0000000e+00   0.0000000e+00  -2.1138858e+01
   1.4700000e+02   1.0000000e+00   0.0000000e+00  -2.1308079e+01
   1.4800000e+02   1.0000000e+00   0.0000000e+00  -2.1477299e+01
   1.4900000e+02   1.0000000e+00   0.0000000e+00  -2.1646520e+01
   1.5000000e+02   1.0000000e+00   0.0000000e+00  -2.1815740e+01
   1.5100000e+02   1.0000000e+00   0.0000000e+00  -2.1984961e+01
   1.5200000e+02   1.0000000e+00   0.0000000e+00  -2.2154181e+01
   1.5300000e+02   1.0000000e+00   0.0000000e+00  -2.2323402e+01
   1.5400000e+02   1.0000000e+00   0.0000000e+00  -2.2492622e+01
   1.5500000e+02   1.0000000e+00   0.0000000e+00  -2.2661843e+01
   1.5600000e+02   1.0000000e+00   0.0000000e+00  -2.2831063e+01
   1.5700000e+02   1.0000000e+00   0.0000000e+00  -2.3000284e+01
   1.5800000e+02   1.0000000e+00   0.0000000e+00  -2.3169505e+01
   1.5900000e+02   1.0000000e+00   0.0000000e+00  -2.3338725e+01
   1.6000000e+02   1.0000000e+00   0.0000000e+00  -2.3507946e+01
   1.6100000e+02   1.0000000e+00   0.0000000e+00  -2.3677166e+01
   1.6200000e+02   1.0000000e+00   0.0000000e+00  -2.3846387e+01
   1.6300000e+02   1.0000000e+00   0.0000000e+00  -2.4015607e+01
   1.6400000e+02   1.0000000e+00   0.0000000e+00  -2.4184828e+01
   1.6500000e+02   1.0000000e+00   0.0000000e+00  -2.4354048e+01
   1.6600000e+02   1.0000000e+00   0.0000000e+00  -2.4523269e+01
   1.6700000e+02   1.0000000e+00   0.0000000e+00  -2.4692489e+01
   1.6800000e+02   1.0000000e+00   0.0000000e+00  -2.4861710e+01
   1.6900000e+02   1.0000000e+00   0.0000000e+00  -2.5030930e+01
   1.7000000e+02   1.0000000e+00   0.0000000e+00  -2.5200151e+01
   1.7100000e+02   1.0000000e+00   0.0000000e+00  -2.5369371e+01
   1.7200000e+02   1.0000000e+00   0.0000000e+00  -2.5538592e+01
   1.7300000e+02   1.0000000e+00   0.0000000e+00  -2.5707812e+01
   1.7400000e+02   1.0000000e+00   0.0000000e+00  -2.5877033e+01
   1.7500000e+02   1.0000000e+00   0.0000000e+00  -2.6046253e+01
   1.7600000e+02   1.0000000e+00   0.0000000e+00  -2.6215474e+01
   1.7700000e+02   1.0000000e+00   0.0000000e+00  -2.6384695e+01
   1.7800000e+02   1.0000000e+00   0.0000000e+00  -2.6553915e+01
   1.7900000e+02   1.0000000e+00   0.0000000e+00  -2.6723136e+01
   1.8000000e+02   1.0000000e+00   0.0000000e+00  -2.6892356e+01
   1.8100000e+02   1.0000000e+00   0.0000000e+00  -2.7061577e+01
   1.8200000e+02   1.0000000e+00   0.0000000e+00  -2.7230797e+01
   1.8300000e+02   1.0000000e+00   0.0000000e+00  -2.7400018e+01
   1.8400000e+02   1.0000000e+00   0.0000000e+00  -2.7569238e+01
   1.8500000e+02   1.0000000e+00   0.0000000e+00  -2.7738459e+01
   1.8600000e+02   1.0000000e+00   0.0000000e+00  -2.7907679e+01
   1.8700000e+02   1.0000000e+00   0.0000000e+00  -2.8076900e+01
   1.8800000e+02   1.0000000e+00   0.0000000e+00  -2.8246120e+01
   1.8900000e+02   1.0000000e+00   0.0000000e+00  -2.8415341e+01
   1.9000000e+02   1.0000000e+00   0.0000000e+00  -2.8584561e+01
   1.9100000e+02   1.0000000e+00   0.0000000e+00  -2.8753782e+01
   1.9200000e+02   1.0000000e+00   0.0000000e+00  -2.8923002e+01
   1.9300000e+02   1.0000000e+00   0.0000000e+00  -2.9092223e+01
   1.9400000e+02   1.0000000e+00   0.0000000e+00  -2.9261443e+01
   1.9500000e+02   1.0000000e+00   0.0000000e+00  -2.9430664e+01
   1.9600000e+02   1.0000000e+00   0.0000000e+00  -2.9599884e+01
   1.9700000e+02   1.0000000e+00   0.0000000e+00  -2.9769105e+01
   1.9800000e+02   1.0000000e+00   0.0000000e+00  -2.9938326e+01
   1.9900000e+02   1.0000000e+00   0.0000000e+00  -3.0107546e+01
   2.0000000e+02   1.0000000e+00   0.0000000e+00  -3.0276767e+01
   2.0100000e+02   1.0000000e+00   0.0000000e+00  -3.0445987e+01
   2.0200000e+02   1.0000000e+00   0.0000000e+00  -3.0615208e+01
   2.0300000e+02   1.0000000e+00   0.0000000e+00  -3.0784428e+01
   2.0400000e+02   1.0000000e+00   0.0000000e+00  -3.0953649e+01
   2.0500000e+02   1.0000000e+00   0.0000000e+00  -3.1122869e+01
   2.0600000e+02   1.0000000e+00   0.0000000e+00  -3.1292090e+01
   2.0700000e+02   1.0000000e+00   0.0000000e+00  -3.1461310e+01
   2.0800000e+02   1.0000000e+00   0.0000000e+00  -3.1630531e+01
   2.0900000e+02   1.0000000e+00   0.0000000e+00  -3.1799751e+01
   2.1000000e+02   1.0000000e+00   0.0000000e+00  -3.1968972e+01
   2.1100000e+02   1.0000000e+00   0.0000000e+00  -3.2138192e+01
   2.1200000e+02   1.0000000e+00   0.0000000e+00  -3.2307413e+01
   2.1300000e+02   1.0000000e+00   0.0000000e+00  -3.2476633e+01
   2.1400000e+02   1.0000000e+00   0.0000000e+00  -3.2645854e+01
   2.1500000e+02   1.0000000e+00   0.0000000e+00  -3.2815074e+01
   2.1600000e+02   1.0000000e+00   0.0000000e+00  -3.2984295e+01
   2.1700000e+02   1.0000000e+00   0.0000000e+00  -3.3153516e+01
   2.1800000e+02   1.0000000e+00   0.0000000e+00  -3.3322736e+01
   2.1900000e+02   1.0000000e+00   0.0000000e+00  -3.3491957e+01
   2.2000000e+02   1.0000000e+00   0.0000000e+00  -3.3661177e+01
   2.2100000e+02   1.0000000e+00   0.0000000e+00  -3.3830398e+01
   2.2200000e+02   1.0000000e+00   0.0000000e+00  -3.3999618e+01
   2.2300000e+02   1.0000000e+00   0.0000000e+00  -3.4168839e+01
